<?xml version="1.0" encoding="UTF-8"?>
<testng-results skipped="0" failed="0" ignored="0" total="0" passed="0">
  <reporter-output>
  </reporter-output>
  <suite name="Falcon-Falcon-WIN_11_chrome_108" duration-ms="0" started-at="2023-01-02T07:50:01Z" finished-at="2023-01-02T07:50:01Z">
    <groups>
    </groups>
    <test name="FalconTest" duration-ms="0" started-at="2023-01-02T07:50:01Z" finished-at="2023-01-02T07:50:01Z">
    </test> <!-- FalconTest -->
  </suite> <!-- Falcon-Falcon-WIN_11_chrome_108 -->
</testng-results>
