<?xml version="1.0" encoding="UTF-8"?>
<testng-results skipped="0" failed="0" ignored="0" total="0" passed="0">
  <reporter-output>
  </reporter-output>
  <suite name="com.qa.automation.falcon.AppTest" duration-ms="0" started-at="2023-01-02T07:50:01Z" finished-at="2023-01-02T07:50:01Z">
    <groups>
    </groups>
    <test name="Command line test" duration-ms="0" started-at="2023-01-02T07:50:01Z" finished-at="2023-01-02T07:50:01Z">
    </test> <!-- Command line test -->
  </suite> <!-- com.qa.automation.falcon.AppTest -->
</testng-results>
